<?xml version="1.0" encoding="UTF-8"?>
<testsuite xmlns:xsi="http://www.w3.org/2001/XMLSchema-instance" xsi:noNamespaceSchemaLocation="https://maven.apache.org/surefire/maven-surefire-plugin/xsd/surefire-test-report.xsd" name="TestSuite" time="104.126" tests="27" errors="0" skipped="7" failures="6">
  <properties>
    <property name="java.specification.version" value="17"/>
    <property name="sun.jnu.encoding" value="UTF-8"/>
    <property name="java.class.path" value="/Users/prakash/Downloads/apache-maven-3.9.3/boot/plexus-classworlds-2.7.0.jar"/>
    <property name="java.vm.vendor" value="Oracle Corporation"/>
    <property name="sun.arch.data.model" value="64"/>
    <property name="java.vendor.url" value="https://java.oracle.com/"/>
    <property name="user.timezone" value="Asia/Kolkata"/>
    <property name="maven.conf" value="/Users/prakash/Downloads/apache-maven-3.9.3/conf"/>
    <property name="java.vm.specification.version" value="17"/>
    <property name="os.name" value="Mac OS X"/>
    <property name="sun.java.launcher" value="SUN_STANDARD"/>
    <property name="user.country" value="IN"/>
    <property name="sun.boot.library.path" value="/Library/Java/JavaVirtualMachines/jdk-17.jdk/Contents/Home/lib"/>
    <property name="sun.java.command" value="org.codehaus.plexus.classworlds.launcher.Launcher clean install -Denv=stage"/>
    <property name="http.nonProxyHosts" value="local|*.local|169.254/16|*.169.254/16"/>
    <property name="jdk.debug" value="release"/>
    <property name="maven.home" value="/Users/prakash/Downloads/apache-maven-3.9.3"/>
    <property name="sun.cpu.endian" value="little"/>
    <property name="user.home" value="/Users/prakash"/>
    <property name="user.language" value="en"/>
    <property name="sun.stderr.encoding" value="UTF-8"/>
    <property name="java.specification.vendor" value="Oracle Corporation"/>
    <property name="java.version.date" value="2023-01-17"/>
    <property name="java.home" value="/Library/Java/JavaVirtualMachines/jdk-17.jdk/Contents/Home"/>
    <property name="file.separator" value="/"/>
    <property name="java.vm.compressedOopsMode" value="Zero based"/>
    <property name="line.separator" value="&#10;"/>
    <property name="sun.stdout.encoding" value="UTF-8"/>
    <property name="java.vm.specification.vendor" value="Oracle Corporation"/>
    <property name="java.specification.name" value="Java Platform API Specification"/>
    <property name="sun.management.compiler" value="HotSpot 64-Bit Tiered Compilers"/>
    <property name="ftp.nonProxyHosts" value="local|*.local|169.254/16|*.169.254/16"/>
    <property name="java.runtime.version" value="17.0.6+9-LTS-190"/>
    <property name="user.name" value="prakash"/>
    <property name="path.separator" value=":"/>
    <property name="os.version" value="14.1"/>
    <property name="java.runtime.name" value="Java(TM) SE Runtime Environment"/>
    <property name="file.encoding" value="UTF-8"/>
    <property name="guice.disable.misplaced.annotation.check" value="true"/>
    <property name="java.vm.name" value="Java HotSpot(TM) 64-Bit Server VM"/>
    <property name="java.vendor.url.bug" value="https://bugreport.java.com/bugreport/"/>
    <property name="java.io.tmpdir" value="/var/folders/l2/yc1w_ppd06l4mpkzzpzw5czm0000gn/T/"/>
    <property name="java.version" value="17.0.6"/>
    <property name="user.dir" value="/Users/prakash/eclipse-workspace/Aug2023POMSeries"/>
    <property name="os.arch" value="aarch64"/>
    <property name="maven.multiModuleProjectDirectory" value="/Users/prakash/eclipse-workspace/Aug2023POMSeries"/>
    <property name="java.vm.specification.name" value="Java Virtual Machine Specification"/>
    <property name="env" value="stage"/>
    <property name="native.encoding" value="UTF-8"/>
    <property name="java.library.path" value="/Users/prakash/Library/Java/Extensions:/Library/Java/Extensions:/Network/Library/Java/Extensions:/System/Library/Java/Extensions:/usr/lib/java:."/>
    <property name="java.vm.info" value="mixed mode, sharing"/>
    <property name="java.vendor" value="Oracle Corporation"/>
    <property name="java.vm.version" value="17.0.6+9-LTS-190"/>
    <property name="classworlds.conf" value="/Users/prakash/Downloads/apache-maven-3.9.3/bin/m2.conf"/>
    <property name="sun.io.unicode.encoding" value="UnicodeBig"/>
    <property name="library.jansi.path" value="/Users/prakash/Downloads/apache-maven-3.9.3/lib/jansi-native"/>
    <property name="socksNonProxyHosts" value="local|*.local|169.254/16|*.169.254/16"/>
    <property name="java.class.version" value="61.0"/>
  </properties>
  <testcase name="loginPageTitleTest" classname="com.qa.opencart.tests.LoginPageTest" time="0.082"/>
  <testcase name="loginPageURLTest" classname="com.qa.opencart.tests.LoginPageTest" time="0.011"/>
  <testcase name="forgotPwdLinkExistTest" classname="com.qa.opencart.tests.LoginPageTest" time="0.035"/>
  <testcase name="appLogoExistTest" classname="com.qa.opencart.tests.LoginPageTest" time="0.02"/>
  <testcase name="informationExistTest" classname="com.qa.opencart.tests.LoginPageTest" time="0.02"/>
  <testcase name="customerService" classname="com.qa.opencart.tests.LoginPageTest" time="0.02"/>
  <testcase name="loginTest" classname="com.qa.opencart.tests.LoginPageTest" time="0">
    <skipped message="Expected condition failed: waiting for visibility of element located by By.linkText: Logout (tried for 5 second(s) with 500 milliseconds interval)&#10;Build info: version: &apos;4.15.0&apos;, revision: &apos;1d14b5521b&apos;&#10;System info: os.name: &apos;Mac OS X&apos;, os.arch: &apos;aarch64&apos;, os.version: &apos;14.1&apos;, java.version: &apos;17.0.6&apos;&#10;Driver info: org.openqa.selenium.chrome.ChromeDriver&#10;Capabilities {acceptInsecureCerts: false, browserName: chrome, browserVersion: 120.0.6099.234, chrome: {chromedriverVersion: 120.0.6099.109 (3419140ab66..., userDataDir: /var/folders/l2/yc1w_ppd06l...}, fedcm:accounts: true, goog:chromeOptions: {debuggerAddress: localhost:49533}, networkConnectionEnabled: false, pageLoadStrategy: normal, platformName: mac, proxy: Proxy(), se:cdp: ws://localhost:49533/devtoo..., se:cdpVersion: 120.0.6099.234, setWindowRect: true, strictFileInteractability: false, timeouts: {implicit: 0, pageLoad: 300000, script: 30000}, unhandledPromptBehavior: dismiss and notify, webauthn:extension:credBlob: true, webauthn:extension:largeBlob: true, webauthn:extension:minPinLength: true, webauthn:extension:prf: true, webauthn:virtualAuthenticators: true}&#10;Session ID: eafcc164118259d0c479cc32f118955b"/>
    <system-out><![CDATA[I am in onTestSuccess method customerService succeed
I am in onTestStart method loginTest start
loginTest started!
creds are: test@test.com : test@123
loginTest skipped!
]]></system-out>
  </testcase>
  <testcase name="loginTest" classname="com.qa.opencart.tests.LoginPageTest" time="6.02">
    <failure message="Expected condition failed: waiting for visibility of element located by By.linkText: Logout (tried for 5 second(s) with 500 milliseconds interval)&#10;Build info: version: &apos;4.15.0&apos;, revision: &apos;1d14b5521b&apos;&#10;System info: os.name: &apos;Mac OS X&apos;, os.arch: &apos;aarch64&apos;, os.version: &apos;14.1&apos;, java.version: &apos;17.0.6&apos;&#10;Driver info: org.openqa.selenium.chrome.ChromeDriver&#10;Capabilities {acceptInsecureCerts: false, browserName: chrome, browserVersion: 120.0.6099.234, chrome: {chromedriverVersion: 120.0.6099.109 (3419140ab66..., userDataDir: /var/folders/l2/yc1w_ppd06l...}, fedcm:accounts: true, goog:chromeOptions: {debuggerAddress: localhost:49533}, networkConnectionEnabled: false, pageLoadStrategy: normal, platformName: mac, proxy: Proxy(), se:cdp: ws://localhost:49533/devtoo..., se:cdpVersion: 120.0.6099.234, setWindowRect: true, strictFileInteractability: false, timeouts: {implicit: 0, pageLoad: 300000, script: 30000}, unhandledPromptBehavior: dismiss and notify, webauthn:extension:credBlob: true, webauthn:extension:largeBlob: true, webauthn:extension:minPinLength: true, webauthn:extension:prf: true, webauthn:virtualAuthenticators: true}&#10;Session ID: eafcc164118259d0c479cc32f118955b" type="org.openqa.selenium.TimeoutException">org.openqa.selenium.TimeoutException: 
Expected condition failed: waiting for visibility of element located by By.linkText: Logout (tried for 5 second(s) with 500 milliseconds interval)
Build info: version: '4.15.0', revision: '1d14b5521b'
System info: os.name: 'Mac OS X', os.arch: 'aarch64', os.version: '14.1', java.version: '17.0.6'
Driver info: org.openqa.selenium.chrome.ChromeDriver
Capabilities {acceptInsecureCerts: false, browserName: chrome, browserVersion: 120.0.6099.234, chrome: {chromedriverVersion: 120.0.6099.109 (3419140ab66..., userDataDir: /var/folders/l2/yc1w_ppd06l...}, fedcm:accounts: true, goog:chromeOptions: {debuggerAddress: localhost:49533}, networkConnectionEnabled: false, pageLoadStrategy: normal, platformName: mac, proxy: Proxy(), se:cdp: ws://localhost:49533/devtoo..., se:cdpVersion: 120.0.6099.234, setWindowRect: true, strictFileInteractability: false, timeouts: {implicit: 0, pageLoad: 300000, script: 30000}, unhandledPromptBehavior: dismiss and notify, webauthn:extension:credBlob: true, webauthn:extension:largeBlob: true, webauthn:extension:minPinLength: true, webauthn:extension:prf: true, webauthn:virtualAuthenticators: true}
Session ID: eafcc164118259d0c479cc32f118955b
	at com.qa.opencart.tests.LoginPageTest.loginTest(LoginPageTest.java:81)
</failure>
    <system-out><![CDATA[I am in onTestSkipped method loginTest skipped
I am in onTestStart method loginTest start
loginTest started!
creds are: test@test.com : test@123
loginTest failed!
]]></system-out>
  </testcase>
  <testcase name="accPageHeadersCountTest" classname="com.qa.opencart.tests.AccountsPageTest" time="0">
    <skipped message="Expected condition failed: waiting for visibility of all elements located by By.cssSelector: div#content &gt; h2 (tried for 10 second(s) with 500 milliseconds interval)&#10;Build info: version: &apos;4.15.0&apos;, revision: &apos;1d14b5521b&apos;&#10;System info: os.name: &apos;Mac OS X&apos;, os.arch: &apos;aarch64&apos;, os.version: &apos;14.1&apos;, java.version: &apos;17.0.6&apos;&#10;Driver info: org.openqa.selenium.chrome.ChromeDriver&#10;Capabilities {acceptInsecureCerts: false, browserName: chrome, browserVersion: 120.0.6099.234, chrome: {chromedriverVersion: 120.0.6099.109 (3419140ab66..., userDataDir: /var/folders/l2/yc1w_ppd06l...}, fedcm:accounts: true, goog:chromeOptions: {debuggerAddress: localhost:49548}, networkConnectionEnabled: false, pageLoadStrategy: normal, platformName: mac, proxy: Proxy(), se:cdp: ws://localhost:49548/devtoo..., se:cdpVersion: 120.0.6099.234, setWindowRect: true, strictFileInteractability: false, timeouts: {implicit: 0, pageLoad: 300000, script: 30000}, unhandledPromptBehavior: dismiss and notify, webauthn:extension:credBlob: true, webauthn:extension:largeBlob: true, webauthn:extension:minPinLength: true, webauthn:extension:prf: true, webauthn:virtualAuthenticators: true}&#10;Session ID: a9704468a1c3888f19d31feb75129088"/>
    <system-out><![CDATA[I am in onTestFailure method loginTest failed
Screenshot captured for test case:loginTest
Test Suite is ending!
I am in onFinish method Login Page Test
I am in onStart method Accounts Page Test
Test Suite started!
env name is: stage
The browsername is chrome
creds are: test@test.com : test@123
I am in onTestStart method accPageHeadersCountTest start
accPageHeadersCountTest started!
accPageHeadersCountTest skipped!
]]></system-out>
    <system-err><![CDATA[log4j:WARN No appenders could be found for logger (freemarker.cache).
log4j:WARN Please initialize the log4j system properly.
Jan 28, 2024 8:47:33 AM org.openqa.selenium.devtools.CdpVersionFinder findNearestMatch
WARNING: Unable to find an exact match for CDP version 120, returning the closest version; found: 119; Please update to a Selenium version that supports CDP version 120
]]></system-err>
  </testcase>
  <testcase name="accPageHeadersCountTest" classname="com.qa.opencart.tests.AccountsPageTest" time="10.7">
    <failure message="Expected condition failed: waiting for visibility of all elements located by By.cssSelector: div#content &gt; h2 (tried for 10 second(s) with 500 milliseconds interval)&#10;Build info: version: &apos;4.15.0&apos;, revision: &apos;1d14b5521b&apos;&#10;System info: os.name: &apos;Mac OS X&apos;, os.arch: &apos;aarch64&apos;, os.version: &apos;14.1&apos;, java.version: &apos;17.0.6&apos;&#10;Driver info: org.openqa.selenium.chrome.ChromeDriver&#10;Capabilities {acceptInsecureCerts: false, browserName: chrome, browserVersion: 120.0.6099.234, chrome: {chromedriverVersion: 120.0.6099.109 (3419140ab66..., userDataDir: /var/folders/l2/yc1w_ppd06l...}, fedcm:accounts: true, goog:chromeOptions: {debuggerAddress: localhost:49548}, networkConnectionEnabled: false, pageLoadStrategy: normal, platformName: mac, proxy: Proxy(), se:cdp: ws://localhost:49548/devtoo..., se:cdpVersion: 120.0.6099.234, setWindowRect: true, strictFileInteractability: false, timeouts: {implicit: 0, pageLoad: 300000, script: 30000}, unhandledPromptBehavior: dismiss and notify, webauthn:extension:credBlob: true, webauthn:extension:largeBlob: true, webauthn:extension:minPinLength: true, webauthn:extension:prf: true, webauthn:virtualAuthenticators: true}&#10;Session ID: a9704468a1c3888f19d31feb75129088" type="org.openqa.selenium.TimeoutException">org.openqa.selenium.TimeoutException: 
Expected condition failed: waiting for visibility of all elements located by By.cssSelector: div#content > h2 (tried for 10 second(s) with 500 milliseconds interval)
Build info: version: '4.15.0', revision: '1d14b5521b'
System info: os.name: 'Mac OS X', os.arch: 'aarch64', os.version: '14.1', java.version: '17.0.6'
Driver info: org.openqa.selenium.chrome.ChromeDriver
Capabilities {acceptInsecureCerts: false, browserName: chrome, browserVersion: 120.0.6099.234, chrome: {chromedriverVersion: 120.0.6099.109 (3419140ab66..., userDataDir: /var/folders/l2/yc1w_ppd06l...}, fedcm:accounts: true, goog:chromeOptions: {debuggerAddress: localhost:49548}, networkConnectionEnabled: false, pageLoadStrategy: normal, platformName: mac, proxy: Proxy(), se:cdp: ws://localhost:49548/devtoo..., se:cdpVersion: 120.0.6099.234, setWindowRect: true, strictFileInteractability: false, timeouts: {implicit: 0, pageLoad: 300000, script: 30000}, unhandledPromptBehavior: dismiss and notify, webauthn:extension:credBlob: true, webauthn:extension:largeBlob: true, webauthn:extension:minPinLength: true, webauthn:extension:prf: true, webauthn:virtualAuthenticators: true}
Session ID: a9704468a1c3888f19d31feb75129088
	at com.qa.opencart.tests.AccountsPageTest.accPageHeadersCountTest(AccountsPageTest.java:48)
</failure>
    <system-out><![CDATA[I am in onTestSkipped method accPageHeadersCountTest skipped
I am in onTestStart method accPageHeadersCountTest start
accPageHeadersCountTest started!
accPageHeadersCountTest failed!
]]></system-out>
  </testcase>
  <testcase name="accPageHeadersTest" classname="com.qa.opencart.tests.AccountsPageTest" time="0">
    <skipped message="Expected condition failed: waiting for visibility of all elements located by By.cssSelector: div#content &gt; h2 (tried for 10 second(s) with 500 milliseconds interval)&#10;Build info: version: &apos;4.15.0&apos;, revision: &apos;1d14b5521b&apos;&#10;System info: os.name: &apos;Mac OS X&apos;, os.arch: &apos;aarch64&apos;, os.version: &apos;14.1&apos;, java.version: &apos;17.0.6&apos;&#10;Driver info: org.openqa.selenium.chrome.ChromeDriver&#10;Capabilities {acceptInsecureCerts: false, browserName: chrome, browserVersion: 120.0.6099.234, chrome: {chromedriverVersion: 120.0.6099.109 (3419140ab66..., userDataDir: /var/folders/l2/yc1w_ppd06l...}, fedcm:accounts: true, goog:chromeOptions: {debuggerAddress: localhost:49548}, networkConnectionEnabled: false, pageLoadStrategy: normal, platformName: mac, proxy: Proxy(), se:cdp: ws://localhost:49548/devtoo..., se:cdpVersion: 120.0.6099.234, setWindowRect: true, strictFileInteractability: false, timeouts: {implicit: 0, pageLoad: 300000, script: 30000}, unhandledPromptBehavior: dismiss and notify, webauthn:extension:credBlob: true, webauthn:extension:largeBlob: true, webauthn:extension:minPinLength: true, webauthn:extension:prf: true, webauthn:virtualAuthenticators: true}&#10;Session ID: a9704468a1c3888f19d31feb75129088"/>
    <system-out><![CDATA[I am in onTestFailure method accPageHeadersCountTest failed
Screenshot captured for test case:accPageHeadersCountTest
I am in onTestStart method accPageHeadersTest start
accPageHeadersTest started!
accPageHeadersTest skipped!
]]></system-out>
  </testcase>
  <testcase name="accPageHeadersTest" classname="com.qa.opencart.tests.AccountsPageTest" time="10.574">
    <failure message="Expected condition failed: waiting for visibility of all elements located by By.cssSelector: div#content &gt; h2 (tried for 10 second(s) with 500 milliseconds interval)&#10;Build info: version: &apos;4.15.0&apos;, revision: &apos;1d14b5521b&apos;&#10;System info: os.name: &apos;Mac OS X&apos;, os.arch: &apos;aarch64&apos;, os.version: &apos;14.1&apos;, java.version: &apos;17.0.6&apos;&#10;Driver info: org.openqa.selenium.chrome.ChromeDriver&#10;Capabilities {acceptInsecureCerts: false, browserName: chrome, browserVersion: 120.0.6099.234, chrome: {chromedriverVersion: 120.0.6099.109 (3419140ab66..., userDataDir: /var/folders/l2/yc1w_ppd06l...}, fedcm:accounts: true, goog:chromeOptions: {debuggerAddress: localhost:49548}, networkConnectionEnabled: false, pageLoadStrategy: normal, platformName: mac, proxy: Proxy(), se:cdp: ws://localhost:49548/devtoo..., se:cdpVersion: 120.0.6099.234, setWindowRect: true, strictFileInteractability: false, timeouts: {implicit: 0, pageLoad: 300000, script: 30000}, unhandledPromptBehavior: dismiss and notify, webauthn:extension:credBlob: true, webauthn:extension:largeBlob: true, webauthn:extension:minPinLength: true, webauthn:extension:prf: true, webauthn:virtualAuthenticators: true}&#10;Session ID: a9704468a1c3888f19d31feb75129088" type="org.openqa.selenium.TimeoutException">org.openqa.selenium.TimeoutException: 
Expected condition failed: waiting for visibility of all elements located by By.cssSelector: div#content > h2 (tried for 10 second(s) with 500 milliseconds interval)
Build info: version: '4.15.0', revision: '1d14b5521b'
System info: os.name: 'Mac OS X', os.arch: 'aarch64', os.version: '14.1', java.version: '17.0.6'
Driver info: org.openqa.selenium.chrome.ChromeDriver
Capabilities {acceptInsecureCerts: false, browserName: chrome, browserVersion: 120.0.6099.234, chrome: {chromedriverVersion: 120.0.6099.109 (3419140ab66..., userDataDir: /var/folders/l2/yc1w_ppd06l...}, fedcm:accounts: true, goog:chromeOptions: {debuggerAddress: localhost:49548}, networkConnectionEnabled: false, pageLoadStrategy: normal, platformName: mac, proxy: Proxy(), se:cdp: ws://localhost:49548/devtoo..., se:cdpVersion: 120.0.6099.234, setWindowRect: true, strictFileInteractability: false, timeouts: {implicit: 0, pageLoad: 300000, script: 30000}, unhandledPromptBehavior: dismiss and notify, webauthn:extension:credBlob: true, webauthn:extension:largeBlob: true, webauthn:extension:minPinLength: true, webauthn:extension:prf: true, webauthn:virtualAuthenticators: true}
Session ID: a9704468a1c3888f19d31feb75129088
	at com.qa.opencart.tests.AccountsPageTest.accPageHeadersTest(AccountsPageTest.java:55)
</failure>
    <system-out><![CDATA[I am in onTestSkipped method accPageHeadersTest skipped
I am in onTestStart method accPageHeadersTest start
accPageHeadersTest started!
accPageHeadersTest failed!
]]></system-out>
  </testcase>
  <testcase name="accPageHeadersTestSort" classname="com.qa.opencart.tests.AccountsPageTest" time="0">
    <skipped message="Expected condition failed: waiting for visibility of all elements located by By.cssSelector: div#content &gt; h2 (tried for 10 second(s) with 500 milliseconds interval)"/>
    <system-out><![CDATA[I am in onTestFailure method accPageHeadersTest failed
Screenshot captured for test case:accPageHeadersTest
I am in onTestStart method accPageHeadersTestSort start
accPageHeadersTestSort started!
accPageHeadersTestSort skipped!
]]></system-out>
  </testcase>
  <testcase name="productImagesTest" classname="com.qa.opencart.tests.ProuctResultsPageTest" time="0.702"/>
  <testcase name="productImagesTest" classname="com.qa.opencart.tests.ProuctResultsPageTest" time="0.577"/>
  <testcase name="productImagesTest" classname="com.qa.opencart.tests.ProuctResultsPageTest" time="0.58"/>
  <testcase name="productImagesTest" classname="com.qa.opencart.tests.ProuctResultsPageTest" time="0.528"/>
  <testcase name="productInfoTest" classname="com.qa.opencart.tests.ProuctResultsPageTest" time="0.543"/>
  <testcase name="userRegTest" classname="com.qa.opencart.tests.RegisterPageTest" time="2.394"/>
  <testcase name="userRegTest" classname="com.qa.opencart.tests.RegisterPageTest" time="2.279"/>
  <testcase name="userRegTest" classname="com.qa.opencart.tests.RegisterPageTest" time="2.196"/>
  <testcase name="loginTest" classname="com.qa.opencart.tests.LoginPageNegativeTest" time="0">
    <skipped message="expected [true] but found [false]"/>
    <system-out><![CDATA[I am in onTestSuccess method userRegTest succeed
Test Suite is ending!
I am in onFinish method Register Page Test
I am in onStart method Negative Login Test
Test Suite started!
env name is: stage
The browsername is chrome
I am in onTestStart method loginTest start
loginTest started!
creds are: username4 : By.id: input-password
loginTest skipped!
]]></system-out>
    <system-err><![CDATA[Jan 28, 2024 8:48:55 AM org.openqa.selenium.devtools.CdpVersionFinder findNearestMatch
WARNING: Unable to find an exact match for CDP version 120, returning the closest version; found: 119; Please update to a Selenium version that supports CDP version 120
]]></system-err>
  </testcase>
  <testcase name="loginTest" classname="com.qa.opencart.tests.LoginPageNegativeTest" time="0.776">
    <failure message="expected [true] but found [false]" type="java.lang.AssertionError">java.lang.AssertionError: expected [true] but found [false]
	at com.qa.opencart.tests.LoginPageNegativeTest.loginTest(LoginPageNegativeTest.java:25)
</failure>
    <system-out><![CDATA[I am in onTestSkipped method loginTest skipped
I am in onTestStart method loginTest start
loginTest started!
creds are: username4 : By.id: input-password
loginTest failed!
]]></system-out>
  </testcase>
  <testcase name="loginTest" classname="com.qa.opencart.tests.LoginPageNegativeTest" time="0">
    <skipped message="expected [true] but found [false]"/>
    <system-out><![CDATA[I am in onTestFailure method loginTest failed
Screenshot captured for test case:loginTest
I am in onTestStart method loginTest start
loginTest started!
creds are: username5 : By.id: input-password
loginTest skipped!
]]></system-out>
  </testcase>
  <testcase name="loginTest" classname="com.qa.opencart.tests.LoginPageNegativeTest" time="0.766">
    <failure message="expected [true] but found [false]" type="java.lang.AssertionError">java.lang.AssertionError: expected [true] but found [false]
	at com.qa.opencart.tests.LoginPageNegativeTest.loginTest(LoginPageNegativeTest.java:25)
</failure>
    <system-out><![CDATA[I am in onTestSkipped method loginTest skipped
I am in onTestStart method loginTest start
loginTest started!
creds are: username5 : By.id: input-password
loginTest failed!
]]></system-out>
  </testcase>
  <testcase name="loginTest" classname="com.qa.opencart.tests.LoginPageNegativeTest" time="0">
    <skipped message="expected [true] but found [false]"/>
    <system-out><![CDATA[I am in onTestFailure method loginTest failed
Screenshot captured for test case:loginTest
I am in onTestStart method loginTest start
loginTest started!
creds are: username6 : By.id: input-password
loginTest skipped!
]]></system-out>
  </testcase>
  <testcase name="loginTest" classname="com.qa.opencart.tests.LoginPageNegativeTest" time="0.95">
    <failure message="expected [true] but found [false]" type="java.lang.AssertionError">java.lang.AssertionError: expected [true] but found [false]
	at com.qa.opencart.tests.LoginPageNegativeTest.loginTest(LoginPageNegativeTest.java:25)
</failure>
    <system-out><![CDATA[I am in onTestSkipped method loginTest skipped
I am in onTestStart method loginTest start
loginTest started!
creds are: username6 : By.id: input-password
loginTest failed!
]]></system-out>
  </testcase>
</testsuite>