<?xml version="1.0" encoding="UTF-8"?>
<!-- Generated by org.testng.reporters.JUnitReportReporter -->
<testsuite hostname="Prakashs-MacBook-Pro.local" failures="0" tests="4" name="com.qa.opencart.tests.RegisterPageTest" time="0.001" errors="1" timestamp="2024-01-23T17:26:45 IST" skipped="3">
  <testcase classname="com.qa.opencart.tests.RegisterPageTest" name="userRegTest" time="0.000">
    <skipped/>
  </testcase> <!-- userRegTest -->
  <testcase classname="com.qa.opencart.tests.RegisterPageTest" name="userRegTest" time="0.000">
    <skipped/>
  </testcase> <!-- userRegTest -->
  <testcase classname="com.qa.opencart.tests.RegisterPageTest" name="userRegTest" time="0.000">
    <skipped/>
  </testcase> <!-- userRegTest -->
  <testcase classname="com.qa.opencart.tests.RegisterPageTest" name="setUp" time="0.001">
    <error message="Cannot invoke &quot;org.openqa.selenium.chrome.ChromeOptions.addArguments(String[])&quot; because &quot;this.co&quot; is null" type="java.lang.NullPointerException">
      <![CDATA[java.lang.NullPointerException: Cannot invoke "org.openqa.selenium.chrome.ChromeOptions.addArguments(String[])" because "this.co" is null
at com.qa.opencart.factory.OptionsManager.getFirefoxOption(OptionsManager.java:45)
at com.qa.opencart.factory.DriverFactory.initDriver(DriverFactory.java:58)
at com.qa.opencart.base.BaseTest.setUp(BaseTest.java:44)
at java.base/jdk.internal.reflect.NativeMethodAccessorImpl.invoke0(Native Method)
at java.base/jdk.internal.reflect.NativeMethodAccessorImpl.invoke(NativeMethodAccessorImpl.java:77)
at java.base/jdk.internal.reflect.DelegatingMethodAccessorImpl.invoke(DelegatingMethodAccessorImpl.java:43)
at java.base/java.lang.reflect.Method.invoke(Method.java:568)
at org.testng.internal.invokers.MethodInvocationHelper.invokeMethod(MethodInvocationHelper.java:139)
at org.testng.internal.invokers.MethodInvocationHelper.invokeMethodConsideringTimeout(MethodInvocationHelper.java:69)
at org.testng.internal.invokers.ConfigInvoker.invokeConfigurationMethod(ConfigInvoker.java:390)
at org.testng.internal.invokers.ConfigInvoker.invokeConfigurations(ConfigInvoker.java:325)
at org.testng.TestRunner.invokeTestConfigurations(TestRunner.java:663)
at org.testng.TestRunner.beforeRun(TestRunner.java:652)
at org.testng.TestRunner.run(TestRunner.java:614)
at org.testng.SuiteRunner.runTest(SuiteRunner.java:443)
at org.testng.SuiteRunner$SuiteWorker.run(SuiteRunner.java:481)
at org.testng.internal.thread.ThreadUtil.lambda$execute$0(ThreadUtil.java:58)
at java.base/java.util.concurrent.FutureTask.run(FutureTask.java:264)
at java.base/java.util.concurrent.ThreadPoolExecutor.runWorker(ThreadPoolExecutor.java:1136)
at java.base/java.util.concurrent.ThreadPoolExecutor$Worker.run(ThreadPoolExecutor.java:635)
at java.base/java.lang.Thread.run(Thread.java:833)
]]>
    </error>
  </testcase> <!-- setUp -->
</testsuite> <!-- com.qa.opencart.tests.RegisterPageTest -->
